# JRE version: OpenJDK Runtime Environment Temurin-21.0.8+9 (21.0.8+9) (build 21.0.8+9-LTS)
# Java VM: OpenJDK 64-Bit Server VM Temurin-21.0.8+9 (21.0.8+9-LTS, mixed mode, sharing, tiered, compressed oops, compressed class ptrs, parallel gc, windows-amd64)
GC Precious Log:
 CardTable entry size: 512
 CPUs: 16 total, 16 available
 Memory: 16051M
 Large Page Support: Disabled
 NUMA Support: Disabled
 Compressed Oops: Enabled (32-bit)
 Alignments: Space 512K, Generation 512K, Heap 2M
 Heap Min Capacity: 100M
 Heap Initial Capacity: 100M
 Heap Max Capacity: 2G
 Pre-touch: Disabled
 Parallel Workers: 13
Heap:
 PSYoungGen      total 14336K, used 14303K [0x00000000d5580000, 0x00000000d6600000, 0x0000000100000000)
  eden space 13824K, 99% used [0x00000000d5580000,0x00000000d62f7d40,0x00000000d6300000)
  from space 512K, 100% used [0x00000000d6480000,0x00000000d6500000,0x00000000d6500000)
  to   space 1536K, 0% used [0x00000000d6300000,0x00000000d6300000,0x00000000d6480000)
 ParOldGen       total 99840K, used 71770K [0x0000000080000000, 0x0000000086180000, 0x00000000d5580000)
  object space 99840K, 71% used [0x0000000080000000,0x00000000846169b0,0x0000000086180000)
 Metaspace       used 58529K, committed 59968K, reserved 1114112K
  class space    used 6767K, committed 7360K, reserved 1048576K
GC Heap History (20 events):
Event: 9.655 GC heap after
{Heap after GC invocations=111 (full 3):
 PSYoungGen      total 11776K, used 384K [0x00000000d5580000, 0x00000000d6500000, 0x0000000100000000)
  eden space 11264K, 0% used [0x00000000d5580000,0x00000000d5580000,0x00000000d6080000)
  from space 512K, 75% used [0x00000000d6480000,0x00000000d64e0000,0x00000000d6500000)
  to   space 512K, 0% used [0x00000000d6400000,0x00000000d6400000,0x00000000d6480000)
 ParOldGen       total 99840K, used 70970K [0x0000000080000000, 0x0000000086180000, 0x00000000d5580000)
  object space 99840K, 71% used [0x0000000080000000,0x000000008454e9b0,0x0000000086180000)
 Metaspace       used 58525K, committed 59968K, reserved 1114112K
  class space    used 6767K, committed 7360K, reserved 1048576K
}
Event: 9.671 GC heap before
{Heap before GC invocations=112 (full 3):
 PSYoungGen      total 11776K, used 11648K [0x00000000d5580000, 0x00000000d6500000, 0x0000000100000000)
  eden space 11264K, 100% used [0x00000000d5580000,0x00000000d6080000,0x00000000d6080000)
  from space 512K, 75% used [0x00000000d6480000,0x00000000d64e0000,0x00000000d6500000)
  to   space 512K, 0% used [0x00000000d6400000,0x00000000d6400000,0x00000000d6480000)
 ParOldGen       total 99840K, used 70970K [0x0000000080000000, 0x0000000086180000, 0x00000000d5580000)
  object space 99840K, 71% used [0x0000000080000000,0x000000008454e9b0,0x0000000086180000)
 Metaspace       used 58525K, committed 59968K, reserved 1114112K
  class space    used 6767K, committed 7360K, reserved 1048576K
}
Event: 9.672 GC heap after
{Heap after GC invocations=112 (full 3):
 PSYoungGen      total 11776K, used 416K [0x00000000d5580000, 0x00000000d6500000, 0x0000000100000000)
  eden space 11264K, 0% used [0x00000000d5580000,0x00000000d5580000,0x00000000d6080000)
  from space 512K, 81% used [0x00000000d6400000,0x00000000d6468000,0x00000000d6480000)
  to   space 512K, 0% used [0x00000000d6480000,0x00000000d6480000,0x00000000d6500000)
 ParOldGen       total 99840K, used 70986K [0x0000000080000000, 0x0000000086180000, 0x00000000d5580000)
  object space 99840K, 71% used [0x0000000080000000,0x00000000845529b0,0x0000000086180000)
 Metaspace       used 58525K, committed 59968K, reserved 1114112K
  class space    used 6767K, committed 7360K, reserved 1048576K
}
Event: 9.687 GC heap before
{Heap before GC invocations=113 (full 3):
 PSYoungGen      total 11776K, used 11680K [0x00000000d5580000, 0x00000000d6500000, 0x0000000100000000)
  eden space 11264K, 100% used [0x00000000d5580000,0x00000000d6080000,0x00000000d6080000)
  from space 512K, 81% used [0x00000000d6400000,0x00000000d6468000,0x00000000d6480000)
  to   space 512K, 0% used [0x00000000d6480000,0x00000000d6480000,0x00000000d6500000)
 ParOldGen       total 99840K, used 70986K [0x0000000080000000, 0x0000000086180000, 0x00000000d5580000)
  object space 99840K, 71% used [0x0000000080000000,0x00000000845529b0,0x0000000086180000)
 Metaspace       used 58525K, committed 59968K, reserved 1114112K
  class space    used 6767K, committed 7360K, reserved 1048576K
}
Event: 9.688 GC heap after
{Heap after GC invocations=113 (full 3):
 PSYoungGen      total 11776K, used 416K [0x00000000d5580000, 0x00000000d6500000, 0x0000000100000000)
  eden space 11264K, 0% used [0x00000000d5580000,0x00000000d5580000,0x00000000d6080000)
  from space 512K, 81% used [0x00000000d6480000,0x00000000d64e8000,0x00000000d6500000)
  to   space 512K, 0% used [0x00000000d6400000,0x00000000d6400000,0x00000000d6480000)
 ParOldGen       total 99840K, used 71010K [0x0000000080000000, 0x0000000086180000, 0x00000000d5580000)
  object space 99840K, 71% used [0x0000000080000000,0x00000000845589b0,0x0000000086180000)
 Metaspace       used 58525K, committed 59968K, reserved 1114112K
  class space    used 6767K, committed 7360K, reserved 1048576K
}
Event: 9.700 GC heap before
{Heap before GC invocations=114 (full 3):
 PSYoungGen      total 11776K, used 11680K [0x00000000d5580000, 0x00000000d6500000, 0x0000000100000000)
  eden space 11264K, 100% used [0x00000000d5580000,0x00000000d6080000,0x00000000d6080000)
  from space 512K, 81% used [0x00000000d6480000,0x00000000d64e8000,0x00000000d6500000)
  to   space 512K, 0% used [0x00000000d6400000,0x00000000d6400000,0x00000000d6480000)
 ParOldGen       total 99840K, used 71010K [0x0000000080000000, 0x0000000086180000, 0x00000000d5580000)
  object space 99840K, 71% used [0x0000000080000000,0x00000000845589b0,0x0000000086180000)
 Metaspace       used 58525K, committed 59968K, reserved 1114112K
  class space    used 6767K, committed 7360K, reserved 1048576K
}
Event: 9.701 GC heap after
{Heap after GC invocations=114 (full 3):
 PSYoungGen      total 11776K, used 384K [0x00000000d5580000, 0x00000000d6500000, 0x0000000100000000)
  eden space 11264K, 0% used [0x00000000d5580000,0x00000000d5580000,0x00000000d6080000)
  from space 512K, 75% used [0x00000000d6400000,0x00000000d6460000,0x00000000d6480000)
  to   space 512K, 0% used [0x00000000d6480000,0x00000000d6480000,0x00000000d6500000)
 ParOldGen       total 99840K, used 71066K [0x0000000080000000, 0x0000000086180000, 0x00000000d5580000)
  object space 99840K, 71% used [0x0000000080000000,0x00000000845669b0,0x0000000086180000)
 Metaspace       used 58525K, committed 59968K, reserved 1114112K
  class space    used 6767K, committed 7360K, reserved 1048576K
}
Event: 9.712 GC heap before
{Heap before GC invocations=115 (full 3):
 PSYoungGen      total 11776K, used 11648K [0x00000000d5580000, 0x00000000d6500000, 0x0000000100000000)
  eden space 11264K, 100% used [0x00000000d5580000,0x00000000d6080000,0x00000000d6080000)
  from space 512K, 75% used [0x00000000d6400000,0x00000000d6460000,0x00000000d6480000)
  to   space 512K, 0% used [0x00000000d6480000,0x00000000d6480000,0x00000000d6500000)
 ParOldGen       total 99840K, used 71066K [0x0000000080000000, 0x0000000086180000, 0x00000000d5580000)
  object space 99840K, 71% used [0x0000000080000000,0x00000000845669b0,0x0000000086180000)
 Metaspace       used 58525K, committed 59968K, reserved 1114112K
  class space    used 6767K, committed 7360K, reserved 1048576K
}
Event: 9.713 GC heap after
{Heap after GC invocations=115 (full 3):
 PSYoungGen      total 11776K, used 384K [0x00000000d5580000, 0x00000000d6500000, 0x0000000100000000)
  eden space 11264K, 0% used [0x00000000d5580000,0x00000000d5580000,0x00000000d6080000)
  from space 512K, 75% used [0x00000000d6480000,0x00000000d64e0000,0x00000000d6500000)
  to   space 512K, 0% used [0x00000000d6400000,0x00000000d6400000,0x00000000d6480000)
 ParOldGen       total 99840K, used 71130K [0x0000000080000000, 0x0000000086180000, 0x00000000d5580000)
  object space 99840K, 71% used [0x0000000080000000,0x00000000845769b0,0x0000000086180000)
 Metaspace       used 58525K, committed 59968K, reserved 1114112K
  class space    used 6767K, committed 7360K, reserved 1048576K
}
Event: 9.725 GC heap before
{Heap before GC invocations=116 (full 3):
 PSYoungGen      total 11776K, used 11648K [0x00000000d5580000, 0x00000000d6500000, 0x0000000100000000)
  eden space 11264K, 100% used [0x00000000d5580000,0x00000000d6080000,0x00000000d6080000)
  from space 512K, 75% used [0x00000000d6480000,0x00000000d64e0000,0x00000000d6500000)
  to   space 512K, 0% used [0x00000000d6400000,0x00000000d6400000,0x00000000d6480000)
 ParOldGen       total 99840K, used 71130K [0x0000000080000000, 0x0000000086180000, 0x00000000d5580000)
  object space 99840K, 71% used [0x0000000080000000,0x00000000845769b0,0x0000000086180000)
 Metaspace       used 58525K, committed 59968K, reserved 1114112K
  class space    used 6767K, committed 7360K, reserved 1048576K
}
Event: 9.726 GC heap after
{Heap after GC invocations=116 (full 3):
 PSYoungGen      total 11776K, used 416K [0x00000000d5580000, 0x00000000d6500000, 0x0000000100000000)
  eden space 11264K, 0% used [0x00000000d5580000,0x00000000d5580000,0x00000000d6080000)
  from space 512K, 81% used [0x00000000d6400000,0x00000000d6468000,0x00000000d6480000)
  to   space 512K, 0% used [0x00000000d6480000,0x00000000d6480000,0x00000000d6500000)
 ParOldGen       total 99840K, used 71130K [0x0000000080000000, 0x0000000086180000, 0x00000000d5580000)
  object space 99840K, 71% used [0x0000000080000000,0x00000000845769b0,0x0000000086180000)
 Metaspace       used 58525K, committed 59968K, reserved 1114112K
  class space    used 6767K, committed 7360K, reserved 1048576K
}
Event: 9.741 GC heap before
{Heap before GC invocations=117 (full 3):
 PSYoungGen      total 11776K, used 11680K [0x00000000d5580000, 0x00000000d6500000, 0x0000000100000000)
  eden space 11264K, 100% used [0x00000000d5580000,0x00000000d6080000,0x00000000d6080000)
  from space 512K, 81% used [0x00000000d6400000,0x00000000d6468000,0x00000000d6480000)
  to   space 512K, 0% used [0x00000000d6480000,0x00000000d6480000,0x00000000d6500000)
 ParOldGen       total 99840K, used 71130K [0x0000000080000000, 0x0000000086180000, 0x00000000d5580000)
  object space 99840K, 71% used [0x0000000080000000,0x00000000845769b0,0x0000000086180000)
 Metaspace       used 58525K, committed 59968K, reserved 1114112K
  class space    used 6767K, committed 7360K, reserved 1048576K
}
Event: 9.741 GC heap after
{Heap after GC invocations=117 (full 3):
 PSYoungGen      total 11776K, used 416K [0x00000000d5580000, 0x00000000d6500000, 0x0000000100000000)
  eden space 11264K, 0% used [0x00000000d5580000,0x00000000d5580000,0x00000000d6080000)
  from space 512K, 81% used [0x00000000d6480000,0x00000000d64e8000,0x00000000d6500000)
  to   space 512K, 0% used [0x00000000d6400000,0x00000000d6400000,0x00000000d6480000)
 ParOldGen       total 99840K, used 71138K [0x0000000080000000, 0x0000000086180000, 0x00000000d5580000)
  object space 99840K, 71% used [0x0000000080000000,0x00000000845789b0,0x0000000086180000)
 Metaspace       used 58525K, committed 59968K, reserved 1114112K
  class space    used 6767K, committed 7360K, reserved 1048576K
}
Event: 9.751 GC heap before
{Heap before GC invocations=118 (full 3):
 PSYoungGen      total 11776K, used 11680K [0x00000000d5580000, 0x00000000d6500000, 0x0000000100000000)
  eden space 11264K, 100% used [0x00000000d5580000,0x00000000d6080000,0x00000000d6080000)
  from space 512K, 81% used [0x00000000d6480000,0x00000000d64e8000,0x00000000d6500000)
  to   space 512K, 0% used [0x00000000d6400000,0x00000000d6400000,0x00000000d6480000)
 ParOldGen       total 99840K, used 71138K [0x0000000080000000, 0x0000000086180000, 0x00000000d5580000)
  object space 99840K, 71% used [0x0000000080000000,0x00000000845789b0,0x0000000086180000)
 Metaspace       used 58525K, committed 59968K, reserved 1114112K
  class space    used 6767K, committed 7360K, reserved 1048576K
}
Event: 9.752 GC heap after
{Heap after GC invocations=118 (full 3):
 PSYoungGen      total 11776K, used 416K [0x00000000d5580000, 0x00000000d6500000, 0x0000000100000000)
  eden space 11264K, 0% used [0x00000000d5580000,0x00000000d5580000,0x00000000d6080000)
  from space 512K, 81% used [0x00000000d6400000,0x00000000d6468000,0x00000000d6480000)
  to   space 512K, 0% used [0x00000000d6480000,0x00000000d6480000,0x00000000d6500000)
 ParOldGen       total 99840K, used 71154K [0x0000000080000000, 0x0000000086180000, 0x00000000d5580000)
  object space 99840K, 71% used [0x0000000080000000,0x000000008457c9b0,0x0000000086180000)
 Metaspace       used 58525K, committed 59968K, reserved 1114112K
  class space    used 6767K, committed 7360K, reserved 1048576K
}
Event: 9.765 GC heap before
{Heap before GC invocations=119 (full 3):
 PSYoungGen      total 11776K, used 11680K [0x00000000d5580000, 0x00000000d6500000, 0x0000000100000000)
  eden space 11264K, 100% used [0x00000000d5580000,0x00000000d6080000,0x00000000d6080000)
  from space 512K, 81% used [0x00000000d6400000,0x00000000d6468000,0x00000000d6480000)
  to   space 512K, 0% used [0x00000000d6480000,0x00000000d6480000,0x00000000d6500000)
 ParOldGen       total 99840K, used 71154K [0x0000000080000000, 0x0000000086180000, 0x00000000d5580000)
  object space 99840K, 71% used [0x0000000080000000,0x000000008457c9b0,0x0000000086180000)
 Metaspace       used 58525K, committed 59968K, reserved 1114112K
  class space    used 6767K, committed 7360K, reserved 1048576K
}
Event: 9.766 GC heap after
{Heap after GC invocations=119 (full 3):
 PSYoungGen      total 11776K, used 192K [0x00000000d5580000, 0x00000000d6500000, 0x0000000100000000)
  eden space 11264K, 0% used [0x00000000d5580000,0x00000000d5580000,0x00000000d6080000)
  from space 512K, 37% used [0x00000000d6480000,0x00000000d64b0000,0x00000000d6500000)
  to   space 512K, 0% used [0x00000000d6400000,0x00000000d6400000,0x00000000d6480000)
 ParOldGen       total 99840K, used 71210K [0x0000000080000000, 0x0000000086180000, 0x00000000d5580000)
  object space 99840K, 71% used [0x0000000080000000,0x000000008458a9b0,0x0000000086180000)
 Metaspace       used 58525K, committed 59968K, reserved 1114112K
  class space    used 6767K, committed 7360K, reserved 1048576K
}
Event: 9.782 GC heap before
{Heap before GC invocations=120 (full 3):
 PSYoungGen      total 11776K, used 11456K [0x00000000d5580000, 0x00000000d6500000, 0x0000000100000000)
  eden space 11264K, 100% used [0x00000000d5580000,0x00000000d6080000,0x00000000d6080000)
  from space 512K, 37% used [0x00000000d6480000,0x00000000d64b0000,0x00000000d6500000)
  to   space 512K, 0% used [0x00000000d6400000,0x00000000d6400000,0x00000000d6480000)
 ParOldGen       total 99840K, used 71210K [0x0000000080000000, 0x0000000086180000, 0x00000000d5580000)
  object space 99840K, 71% used [0x0000000080000000,0x000000008458a9b0,0x0000000086180000)
 Metaspace       used 58525K, committed 59968K, reserved 1114112K
  class space    used 6767K, committed 7360K, reserved 1048576K
}
Event: 9.782 GC heap after
{Heap after GC invocations=120 (full 3):
 PSYoungGen      total 11776K, used 416K [0x00000000d5580000, 0x00000000d6500000, 0x0000000100000000)
  eden space 11264K, 0% used [0x00000000d5580000,0x00000000d5580000,0x00000000d6080000)
  from space 512K, 81% used [0x00000000d6400000,0x00000000d6468000,0x00000000d6480000)
  to   space 512K, 0% used [0x00000000d6480000,0x00000000d6480000,0x00000000d6500000)
 ParOldGen       total 99840K, used 71210K [0x0000000080000000, 0x0000000086180000, 0x00000000d5580000)
  object space 99840K, 71% used [0x0000000080000000,0x000000008458a9b0,0x0000000086180000)
 Metaspace       used 58525K, committed 59968K, reserved 1114112K
  class space    used 6767K, committed 7360K, reserved 1048576K
}
Event: 9.800 GC heap before
{Heap before GC invocations=121 (full 3):
 PSYoungGen      total 11776K, used 11680K [0x00000000d5580000, 0x00000000d6500000, 0x0000000100000000)
  eden space 11264K, 100% used [0x00000000d5580000,0x00000000d6080000,0x00000000d6080000)
  from space 512K, 81% used [0x00000000d6400000,0x00000000d6468000,0x00000000d6480000)
  to   space 512K, 0% used [0x00000000d6480000,0x00000000d6480000,0x00000000d6500000)
 ParOldGen       total 99840K, used 71210K [0x0000000080000000, 0x0000000086180000, 0x00000000d5580000)
  object space 99840K, 71% used [0x0000000080000000,0x000000008458a9b0,0x0000000086180000)
 Metaspace       used 58526K, committed 59968K, reserved 1114112K
  class space    used 6767K, committed 7360K, reserved 1048576K
}

