# JRE version: OpenJDK Runtime Environment Temurin-21.0.8+9 (21.0.8+9) (build 21.0.8+9-LTS)
# Java VM: OpenJDK 64-Bit Server VM Temurin-21.0.8+9 (21.0.8+9-LTS, mixed mode, sharing, tiered, compressed oops, compressed class ptrs, parallel gc, windows-amd64)
GC Precious Log:
 CardTable entry size: 512
 CPUs: 16 total, 16 available
 Memory: 16051M
 Large Page Support: Disabled
 NUMA Support: Disabled
 Compressed Oops: Enabled (32-bit)
 Alignments: Space 512K, Generation 512K, Heap 2M
 Heap Min Capacity: 100M
 Heap Initial Capacity: 100M
 Heap Max Capacity: 2G
 Pre-touch: Disabled
 Parallel Workers: 13
Heap:
 PSYoungGen      total 3072K, used 2343K [0x00000000d5580000, 0x00000000d5980000, 0x0000000100000000)
  eden space 2560K, 77% used [0x00000000d5580000,0x00000000d5771c60,0x00000000d5800000)
  from space 512K, 68% used [0x00000000d5900000,0x00000000d5958000,0x00000000d5980000)
  to   space 512K, 0% used [0x00000000d5880000,0x00000000d5880000,0x00000000d5900000)
 ParOldGen       total 109568K, used 87531K [0x0000000080000000, 0x0000000086b00000, 0x00000000d5580000)
  object space 109568K, 79% used [0x0000000080000000,0x000000008557afb8,0x0000000086b00000)
 Metaspace       used 61786K, committed 63296K, reserved 1114112K
  class space    used 6971K, committed 7616K, reserved 1048576K
GC Heap History (20 events):
Event: 6911.317 GC heap before
{Heap before GC invocations=396 (full 3):
 PSYoungGen      total 3072K, used 2944K [0x00000000d5580000, 0x00000000d5980000, 0x0000000100000000)
  eden space 2560K, 100% used [0x00000000d5580000,0x00000000d5800000,0x00000000d5800000)
  from space 512K, 75% used [0x00000000d5900000,0x00000000d5960000,0x00000000d5980000)
  to   space 512K, 0% used [0x00000000d5880000,0x00000000d5880000,0x00000000d5900000)
 ParOldGen       total 109568K, used 86779K [0x0000000080000000, 0x0000000086b00000, 0x00000000d5580000)
  object space 109568K, 79% used [0x0000000080000000,0x00000000854befb8,0x0000000086b00000)
 Metaspace       used 61704K, committed 63232K, reserved 1114112K
  class space    used 6971K, committed 7616K, reserved 1048576K
}
Event: 6911.321 GC heap after
{Heap after GC invocations=396 (full 3):
 PSYoungGen      total 3072K, used 384K [0x00000000d5580000, 0x00000000d5980000, 0x0000000100000000)
  eden space 2560K, 0% used [0x00000000d5580000,0x00000000d5580000,0x00000000d5800000)
  from space 512K, 75% used [0x00000000d5880000,0x00000000d58e0000,0x00000000d5900000)
  to   space 512K, 0% used [0x00000000d5900000,0x00000000d5900000,0x00000000d5980000)
 ParOldGen       total 109568K, used 86843K [0x0000000080000000, 0x0000000086b00000, 0x00000000d5580000)
  object space 109568K, 79% used [0x0000000080000000,0x00000000854cefb8,0x0000000086b00000)
 Metaspace       used 61704K, committed 63232K, reserved 1114112K
  class space    used 6971K, committed 7616K, reserved 1048576K
}
Event: 7109.704 GC heap before
{Heap before GC invocations=397 (full 3):
 PSYoungGen      total 3072K, used 2938K [0x00000000d5580000, 0x00000000d5980000, 0x0000000100000000)
  eden space 2560K, 99% used [0x00000000d5580000,0x00000000d57fe8f8,0x00000000d5800000)
  from space 512K, 75% used [0x00000000d5880000,0x00000000d58e0000,0x00000000d5900000)
  to   space 512K, 0% used [0x00000000d5900000,0x00000000d5900000,0x00000000d5980000)
 ParOldGen       total 109568K, used 86843K [0x0000000080000000, 0x0000000086b00000, 0x00000000d5580000)
  object space 109568K, 79% used [0x0000000080000000,0x00000000854cefb8,0x0000000086b00000)
 Metaspace       used 61707K, committed 63232K, reserved 1114112K
  class space    used 6971K, committed 7616K, reserved 1048576K
}
Event: 7109.708 GC heap after
{Heap after GC invocations=397 (full 3):
 PSYoungGen      total 3072K, used 352K [0x00000000d5580000, 0x00000000d5980000, 0x0000000100000000)
  eden space 2560K, 0% used [0x00000000d5580000,0x00000000d5580000,0x00000000d5800000)
  from space 512K, 68% used [0x00000000d5900000,0x00000000d5958000,0x00000000d5980000)
  to   space 512K, 0% used [0x00000000d5880000,0x00000000d5880000,0x00000000d5900000)
 ParOldGen       total 109568K, used 86939K [0x0000000080000000, 0x0000000086b00000, 0x00000000d5580000)
  object space 109568K, 79% used [0x0000000080000000,0x00000000854e6fb8,0x0000000086b00000)
 Metaspace       used 61707K, committed 63232K, reserved 1114112K
  class space    used 6971K, committed 7616K, reserved 1048576K
}
Event: 7937.254 GC heap before
{Heap before GC invocations=398 (full 3):
 PSYoungGen      total 3072K, used 2912K [0x00000000d5580000, 0x00000000d5980000, 0x0000000100000000)
  eden space 2560K, 100% used [0x00000000d5580000,0x00000000d5800000,0x00000000d5800000)
  from space 512K, 68% used [0x00000000d5900000,0x00000000d5958000,0x00000000d5980000)
  to   space 512K, 0% used [0x00000000d5880000,0x00000000d5880000,0x00000000d5900000)
 ParOldGen       total 109568K, used 86939K [0x0000000080000000, 0x0000000086b00000, 0x00000000d5580000)
  object space 109568K, 79% used [0x0000000080000000,0x00000000854e6fb8,0x0000000086b00000)
 Metaspace       used 61709K, committed 63232K, reserved 1114112K
  class space    used 6971K, committed 7616K, reserved 1048576K
}
Event: 7937.267 GC heap after
{Heap after GC invocations=398 (full 3):
 PSYoungGen      total 3072K, used 352K [0x00000000d5580000, 0x00000000d5980000, 0x0000000100000000)
  eden space 2560K, 0% used [0x00000000d5580000,0x00000000d5580000,0x00000000d5800000)
  from space 512K, 68% used [0x00000000d5880000,0x00000000d58d8000,0x00000000d5900000)
  to   space 512K, 0% used [0x00000000d5900000,0x00000000d5900000,0x00000000d5980000)
 ParOldGen       total 109568K, used 87019K [0x0000000080000000, 0x0000000086b00000, 0x00000000d5580000)
  object space 109568K, 79% used [0x0000000080000000,0x00000000854fafb8,0x0000000086b00000)
 Metaspace       used 61709K, committed 63232K, reserved 1114112K
  class space    used 6971K, committed 7616K, reserved 1048576K
}
Event: 7940.169 GC heap before
{Heap before GC invocations=399 (full 3):
 PSYoungGen      total 3072K, used 2912K [0x00000000d5580000, 0x00000000d5980000, 0x0000000100000000)
  eden space 2560K, 100% used [0x00000000d5580000,0x00000000d5800000,0x00000000d5800000)
  from space 512K, 68% used [0x00000000d5880000,0x00000000d58d8000,0x00000000d5900000)
  to   space 512K, 0% used [0x00000000d5900000,0x00000000d5900000,0x00000000d5980000)
 ParOldGen       total 109568K, used 87019K [0x0000000080000000, 0x0000000086b00000, 0x00000000d5580000)
  object space 109568K, 79% used [0x0000000080000000,0x00000000854fafb8,0x0000000086b00000)
 Metaspace       used 61711K, committed 63232K, reserved 1114112K
  class space    used 6971K, committed 7616K, reserved 1048576K
}
Event: 7940.171 GC heap after
{Heap after GC invocations=399 (full 3):
 PSYoungGen      total 3072K, used 288K [0x00000000d5580000, 0x00000000d5980000, 0x0000000100000000)
  eden space 2560K, 0% used [0x00000000d5580000,0x00000000d5580000,0x00000000d5800000)
  from space 512K, 56% used [0x00000000d5900000,0x00000000d5948000,0x00000000d5980000)
  to   space 512K, 0% used [0x00000000d5880000,0x00000000d5880000,0x00000000d5900000)
 ParOldGen       total 109568K, used 87091K [0x0000000080000000, 0x0000000086b00000, 0x00000000d5580000)
  object space 109568K, 79% used [0x0000000080000000,0x000000008550cfb8,0x0000000086b00000)
 Metaspace       used 61711K, committed 63232K, reserved 1114112K
  class space    used 6971K, committed 7616K, reserved 1048576K
}
Event: 7941.740 GC heap before
{Heap before GC invocations=400 (full 3):
 PSYoungGen      total 3072K, used 2848K [0x00000000d5580000, 0x00000000d5980000, 0x0000000100000000)
  eden space 2560K, 100% used [0x00000000d5580000,0x00000000d5800000,0x00000000d5800000)
  from space 512K, 56% used [0x00000000d5900000,0x00000000d5948000,0x00000000d5980000)
  to   space 512K, 0% used [0x00000000d5880000,0x00000000d5880000,0x00000000d5900000)
 ParOldGen       total 109568K, used 87091K [0x0000000080000000, 0x0000000086b00000, 0x00000000d5580000)
  object space 109568K, 79% used [0x0000000080000000,0x000000008550cfb8,0x0000000086b00000)
 Metaspace       used 61711K, committed 63232K, reserved 1114112K
  class space    used 6971K, committed 7616K, reserved 1048576K
}
Event: 7941.742 GC heap after
{Heap after GC invocations=400 (full 3):
 PSYoungGen      total 3072K, used 352K [0x00000000d5580000, 0x00000000d5980000, 0x0000000100000000)
  eden space 2560K, 0% used [0x00000000d5580000,0x00000000d5580000,0x00000000d5800000)
  from space 512K, 68% used [0x00000000d5880000,0x00000000d58d8000,0x00000000d5900000)
  to   space 512K, 0% used [0x00000000d5900000,0x00000000d5900000,0x00000000d5980000)
 ParOldGen       total 109568K, used 87171K [0x0000000080000000, 0x0000000086b00000, 0x00000000d5580000)
  object space 109568K, 79% used [0x0000000080000000,0x0000000085520fb8,0x0000000086b00000)
 Metaspace       used 61711K, committed 63232K, reserved 1114112K
  class space    used 6971K, committed 7616K, reserved 1048576K
}
Event: 8183.092 GC heap before
{Heap before GC invocations=401 (full 3):
 PSYoungGen      total 3072K, used 2912K [0x00000000d5580000, 0x00000000d5980000, 0x0000000100000000)
  eden space 2560K, 100% used [0x00000000d5580000,0x00000000d5800000,0x00000000d5800000)
  from space 512K, 68% used [0x00000000d5880000,0x00000000d58d8000,0x00000000d5900000)
  to   space 512K, 0% used [0x00000000d5900000,0x00000000d5900000,0x00000000d5980000)
 ParOldGen       total 109568K, used 87171K [0x0000000080000000, 0x0000000086b00000, 0x00000000d5580000)
  object space 109568K, 79% used [0x0000000080000000,0x0000000085520fb8,0x0000000086b00000)
 Metaspace       used 61711K, committed 63232K, reserved 1114112K
  class space    used 6971K, committed 7616K, reserved 1048576K
}
Event: 8183.094 GC heap after
{Heap after GC invocations=401 (full 3):
 PSYoungGen      total 3072K, used 288K [0x00000000d5580000, 0x00000000d5980000, 0x0000000100000000)
  eden space 2560K, 0% used [0x00000000d5580000,0x00000000d5580000,0x00000000d5800000)
  from space 512K, 56% used [0x00000000d5900000,0x00000000d5948000,0x00000000d5980000)
  to   space 512K, 0% used [0x00000000d5880000,0x00000000d5880000,0x00000000d5900000)
 ParOldGen       total 109568K, used 87203K [0x0000000080000000, 0x0000000086b00000, 0x00000000d5580000)
  object space 109568K, 79% used [0x0000000080000000,0x0000000085528fb8,0x0000000086b00000)
 Metaspace       used 61711K, committed 63232K, reserved 1114112K
  class space    used 6971K, committed 7616K, reserved 1048576K
}
Event: 8201.310 GC heap before
{Heap before GC invocations=402 (full 3):
 PSYoungGen      total 3072K, used 2848K [0x00000000d5580000, 0x00000000d5980000, 0x0000000100000000)
  eden space 2560K, 100% used [0x00000000d5580000,0x00000000d5800000,0x00000000d5800000)
  from space 512K, 56% used [0x00000000d5900000,0x00000000d5948000,0x00000000d5980000)
  to   space 512K, 0% used [0x00000000d5880000,0x00000000d5880000,0x00000000d5900000)
 ParOldGen       total 109568K, used 87203K [0x0000000080000000, 0x0000000086b00000, 0x00000000d5580000)
  object space 109568K, 79% used [0x0000000080000000,0x0000000085528fb8,0x0000000086b00000)
 Metaspace       used 61719K, committed 63232K, reserved 1114112K
  class space    used 6971K, committed 7616K, reserved 1048576K
}
Event: 8201.313 GC heap after
{Heap after GC invocations=402 (full 3):
 PSYoungGen      total 3072K, used 384K [0x00000000d5580000, 0x00000000d5980000, 0x0000000100000000)
  eden space 2560K, 0% used [0x00000000d5580000,0x00000000d5580000,0x00000000d5800000)
  from space 512K, 75% used [0x00000000d5880000,0x00000000d58e0000,0x00000000d5900000)
  to   space 512K, 0% used [0x00000000d5900000,0x00000000d5900000,0x00000000d5980000)
 ParOldGen       total 109568K, used 87291K [0x0000000080000000, 0x0000000086b00000, 0x00000000d5580000)
  object space 109568K, 79% used [0x0000000080000000,0x000000008553efb8,0x0000000086b00000)
 Metaspace       used 61719K, committed 63232K, reserved 1114112K
  class space    used 6971K, committed 7616K, reserved 1048576K
}
Event: 8203.870 GC heap before
{Heap before GC invocations=403 (full 3):
 PSYoungGen      total 3072K, used 2944K [0x00000000d5580000, 0x00000000d5980000, 0x0000000100000000)
  eden space 2560K, 100% used [0x00000000d5580000,0x00000000d5800000,0x00000000d5800000)
  from space 512K, 75% used [0x00000000d5880000,0x00000000d58e0000,0x00000000d5900000)
  to   space 512K, 0% used [0x00000000d5900000,0x00000000d5900000,0x00000000d5980000)
 ParOldGen       total 109568K, used 87291K [0x0000000080000000, 0x0000000086b00000, 0x00000000d5580000)
  object space 109568K, 79% used [0x0000000080000000,0x000000008553efb8,0x0000000086b00000)
 Metaspace       used 61735K, committed 63232K, reserved 1114112K
  class space    used 6971K, committed 7616K, reserved 1048576K
}
Event: 8203.871 GC heap after
{Heap after GC invocations=403 (full 3):
 PSYoungGen      total 3072K, used 320K [0x00000000d5580000, 0x00000000d5980000, 0x0000000100000000)
  eden space 2560K, 0% used [0x00000000d5580000,0x00000000d5580000,0x00000000d5800000)
  from space 512K, 62% used [0x00000000d5900000,0x00000000d5950000,0x00000000d5980000)
  to   space 512K, 0% used [0x00000000d5880000,0x00000000d5880000,0x00000000d5900000)
 ParOldGen       total 109568K, used 87371K [0x0000000080000000, 0x0000000086b00000, 0x00000000d5580000)
  object space 109568K, 79% used [0x0000000080000000,0x0000000085552fb8,0x0000000086b00000)
 Metaspace       used 61735K, committed 63232K, reserved 1114112K
  class space    used 6971K, committed 7616K, reserved 1048576K
}
Event: 8205.497 GC heap before
{Heap before GC invocations=404 (full 3):
 PSYoungGen      total 3072K, used 2880K [0x00000000d5580000, 0x00000000d5980000, 0x0000000100000000)
  eden space 2560K, 100% used [0x00000000d5580000,0x00000000d5800000,0x00000000d5800000)
  from space 512K, 62% used [0x00000000d5900000,0x00000000d5950000,0x00000000d5980000)
  to   space 512K, 0% used [0x00000000d5880000,0x00000000d5880000,0x00000000d5900000)
 ParOldGen       total 109568K, used 87371K [0x0000000080000000, 0x0000000086b00000, 0x00000000d5580000)
  object space 109568K, 79% used [0x0000000080000000,0x0000000085552fb8,0x0000000086b00000)
 Metaspace       used 61735K, committed 63232K, reserved 1114112K
  class space    used 6971K, committed 7616K, reserved 1048576K
}
Event: 8205.498 GC heap after
{Heap after GC invocations=404 (full 3):
 PSYoungGen      total 3072K, used 320K [0x00000000d5580000, 0x00000000d5980000, 0x0000000100000000)
  eden space 2560K, 0% used [0x00000000d5580000,0x00000000d5580000,0x00000000d5800000)
  from space 512K, 62% used [0x00000000d5880000,0x00000000d58d0000,0x00000000d5900000)
  to   space 512K, 0% used [0x00000000d5900000,0x00000000d5900000,0x00000000d5980000)
 ParOldGen       total 109568K, used 87459K [0x0000000080000000, 0x0000000086b00000, 0x00000000d5580000)
  object space 109568K, 79% used [0x0000000080000000,0x0000000085568fb8,0x0000000086b00000)
 Metaspace       used 61735K, committed 63232K, reserved 1114112K
  class space    used 6971K, committed 7616K, reserved 1048576K
}
Event: 8207.181 GC heap before
{Heap before GC invocations=405 (full 3):
 PSYoungGen      total 3072K, used 2879K [0x00000000d5580000, 0x00000000d5980000, 0x0000000100000000)
  eden space 2560K, 99% used [0x00000000d5580000,0x00000000d57fffe8,0x00000000d5800000)
  from space 512K, 62% used [0x00000000d5880000,0x00000000d58d0000,0x00000000d5900000)
  to   space 512K, 0% used [0x00000000d5900000,0x00000000d5900000,0x00000000d5980000)
 ParOldGen       total 109568K, used 87459K [0x0000000080000000, 0x0000000086b00000, 0x00000000d5580000)
  object space 109568K, 79% used [0x0000000080000000,0x0000000085568fb8,0x0000000086b00000)
 Metaspace       used 61735K, committed 63232K, reserved 1114112K
  class space    used 6971K, committed 7616K, reserved 1048576K
}
Event: 8207.182 GC heap after
{Heap after GC invocations=405 (full 3):
 PSYoungGen      total 3072K, used 352K [0x00000000d5580000, 0x00000000d5980000, 0x0000000100000000)
  eden space 2560K, 0% used [0x00000000d5580000,0x00000000d5580000,0x00000000d5800000)
  from space 512K, 68% used [0x00000000d5900000,0x00000000d5958000,0x00000000d5980000)
  to   space 512K, 0% used [0x00000000d5880000,0x00000000d5880000,0x00000000d5900000)
 ParOldGen       total 109568K, used 87531K [0x0000000080000000, 0x0000000086b00000, 0x00000000d5580000)
  object space 109568K, 79% used [0x0000000080000000,0x000000008557afb8,0x0000000086b00000)
 Metaspace       used 61735K, committed 63232K, reserved 1114112K
  class space    used 6971K, committed 7616K, reserved 1048576K
}

