# JRE version: OpenJDK Runtime Environment Temurin-21.0.8+9 (21.0.8+9) (build 21.0.8+9-LTS)
# Java VM: OpenJDK 64-Bit Server VM Temurin-21.0.8+9 (21.0.8+9-LTS, mixed mode, sharing, tiered, compressed oops, compressed class ptrs, parallel gc, windows-amd64)
GC Precious Log:
 CardTable entry size: 512
 CPUs: 16 total, 16 available
 Memory: 16051M
 Large Page Support: Disabled
 NUMA Support: Disabled
 Compressed Oops: Enabled (32-bit)
 Alignments: Space 512K, Generation 512K, Heap 2M
 Heap Min Capacity: 100M
 Heap Initial Capacity: 100M
 Heap Max Capacity: 2G
 Pre-touch: Disabled
 Parallel Workers: 13
Heap:
 PSYoungGen      total 20992K, used 7258K [0x00000000d5580000, 0x00000000d6f80000, 0x0000000100000000)
  eden space 15360K, 15% used [0x00000000d5580000,0x00000000d57cbf00,0x00000000d6480000)
  from space 5632K, 87% used [0x00000000d6480000,0x00000000d694ac10,0x00000000d6a00000)
  to   space 5632K, 0% used [0x00000000d6a00000,0x00000000d6a00000,0x00000000d6f80000)
 ParOldGen       total 74752K, used 74725K [0x0000000080000000, 0x0000000084900000, 0x00000000d5580000)
  object space 74752K, 99% used [0x0000000080000000,0x00000000848f9640,0x0000000084900000)
 Metaspace       used 52109K, committed 53312K, reserved 1114112K
  class space    used 5775K, committed 6336K, reserved 1048576K
GC Heap History (20 events):
Event: 23.304 GC heap before
{Heap before GC invocations=37 (full 2):
 PSYoungGen      total 20992K, used 20896K [0x00000000d5580000, 0x00000000d6b80000, 0x0000000100000000)
  eden space 19968K, 100% used [0x00000000d5580000,0x00000000d6900000,0x00000000d6900000)
  from space 1024K, 90% used [0x00000000d6a80000,0x00000000d6b68000,0x00000000d6b80000)
  to   space 1024K, 0% used [0x00000000d6980000,0x00000000d6980000,0x00000000d6a80000)
 ParOldGen       total 68608K, used 42172K [0x0000000080000000, 0x0000000084300000, 0x00000000d5580000)
  object space 68608K, 61% used [0x0000000080000000,0x000000008292f230,0x0000000084300000)
 Metaspace       used 47376K, committed 48576K, reserved 1114112K
  class space    used 5084K, committed 5632K, reserved 1048576K
}
Event: 23.305 GC heap after
{Heap after GC invocations=37 (full 2):
 PSYoungGen      total 20992K, used 864K [0x00000000d5580000, 0x00000000d6b00000, 0x0000000100000000)
  eden space 19968K, 0% used [0x00000000d5580000,0x00000000d5580000,0x00000000d6900000)
  from space 1024K, 84% used [0x00000000d6980000,0x00000000d6a58000,0x00000000d6a80000)
  to   space 512K, 0% used [0x00000000d6a80000,0x00000000d6a80000,0x00000000d6b00000)
 ParOldGen       total 68608K, used 42848K [0x0000000080000000, 0x0000000084300000, 0x00000000d5580000)
  object space 68608K, 62% used [0x0000000080000000,0x00000000829d8240,0x0000000084300000)
 Metaspace       used 47376K, committed 48576K, reserved 1114112K
  class space    used 5084K, committed 5632K, reserved 1048576K
}
Event: 23.574 GC heap before
{Heap before GC invocations=38 (full 2):
 PSYoungGen      total 20992K, used 20832K [0x00000000d5580000, 0x00000000d6b00000, 0x0000000100000000)
  eden space 19968K, 100% used [0x00000000d5580000,0x00000000d6900000,0x00000000d6900000)
  from space 1024K, 84% used [0x00000000d6980000,0x00000000d6a58000,0x00000000d6a80000)
  to   space 512K, 0% used [0x00000000d6a80000,0x00000000d6a80000,0x00000000d6b00000)
 ParOldGen       total 68608K, used 42848K [0x0000000080000000, 0x0000000084300000, 0x00000000d5580000)
  object space 68608K, 62% used [0x0000000080000000,0x00000000829d8240,0x0000000084300000)
 Metaspace       used 47869K, committed 49088K, reserved 1114112K
  class space    used 5121K, committed 5632K, reserved 1048576K
}
Event: 23.576 GC heap after
{Heap after GC invocations=38 (full 2):
 PSYoungGen      total 19968K, used 512K [0x00000000d5580000, 0x00000000d6d00000, 0x0000000100000000)
  eden space 19456K, 0% used [0x00000000d5580000,0x00000000d5580000,0x00000000d6880000)
  from space 512K, 100% used [0x00000000d6a80000,0x00000000d6b00000,0x00000000d6b00000)
  to   space 2048K, 0% used [0x00000000d6880000,0x00000000d6880000,0x00000000d6a80000)
 ParOldGen       total 68608K, used 44191K [0x0000000080000000, 0x0000000084300000, 0x00000000d5580000)
  object space 68608K, 64% used [0x0000000080000000,0x0000000082b27ed0,0x0000000084300000)
 Metaspace       used 47869K, committed 49088K, reserved 1114112K
  class space    used 5121K, committed 5632K, reserved 1048576K
}
Event: 23.609 GC heap before
{Heap before GC invocations=39 (full 2):
 PSYoungGen      total 19968K, used 19967K [0x00000000d5580000, 0x00000000d6d00000, 0x0000000100000000)
  eden space 19456K, 99% used [0x00000000d5580000,0x00000000d687ff90,0x00000000d6880000)
  from space 512K, 100% used [0x00000000d6a80000,0x00000000d6b00000,0x00000000d6b00000)
  to   space 2048K, 0% used [0x00000000d6880000,0x00000000d6880000,0x00000000d6a80000)
 ParOldGen       total 68608K, used 44191K [0x0000000080000000, 0x0000000084300000, 0x00000000d5580000)
  object space 68608K, 64% used [0x0000000080000000,0x0000000082b27ed0,0x0000000084300000)
 Metaspace       used 47908K, committed 49088K, reserved 1114112K
  class space    used 5125K, committed 5632K, reserved 1048576K
}
Event: 23.613 GC heap after
{Heap after GC invocations=39 (full 2):
 PSYoungGen      total 21504K, used 2041K [0x00000000d5580000, 0x00000000d7d80000, 0x0000000100000000)
  eden space 19456K, 0% used [0x00000000d5580000,0x00000000d5580000,0x00000000d6880000)
  from space 2048K, 99% used [0x00000000d6880000,0x00000000d6a7e520,0x00000000d6a80000)
  to   space 10752K, 0% used [0x00000000d7300000,0x00000000d7300000,0x00000000d7d80000)
 ParOldGen       total 68608K, used 51214K [0x0000000080000000, 0x0000000084300000, 0x00000000d5580000)
  object space 68608K, 74% used [0x0000000080000000,0x0000000083203b80,0x0000000084300000)
 Metaspace       used 47908K, committed 49088K, reserved 1114112K
  class space    used 5125K, committed 5632K, reserved 1048576K
}
Event: 23.636 GC heap before
{Heap before GC invocations=40 (full 2):
 PSYoungGen      total 21504K, used 21497K [0x00000000d5580000, 0x00000000d7d80000, 0x0000000100000000)
  eden space 19456K, 100% used [0x00000000d5580000,0x00000000d6880000,0x00000000d6880000)
  from space 2048K, 99% used [0x00000000d6880000,0x00000000d6a7e520,0x00000000d6a80000)
  to   space 10752K, 0% used [0x00000000d7300000,0x00000000d7300000,0x00000000d7d80000)
 ParOldGen       total 68608K, used 51214K [0x0000000080000000, 0x0000000084300000, 0x00000000d5580000)
  object space 68608K, 74% used [0x0000000080000000,0x0000000083203b80,0x0000000084300000)
 Metaspace       used 47909K, committed 49088K, reserved 1114112K
  class space    used 5125K, committed 5632K, reserved 1048576K
}
Event: 23.641 GC heap after
{Heap after GC invocations=40 (full 2):
 PSYoungGen      total 26112K, used 10741K [0x00000000d5580000, 0x00000000d8580000, 0x0000000100000000)
  eden space 15360K, 0% used [0x00000000d5580000,0x00000000d5580000,0x00000000d6480000)
  from space 10752K, 99% used [0x00000000d7300000,0x00000000d7d7d670,0x00000000d7d80000)
  to   space 14848K, 0% used [0x00000000d6480000,0x00000000d6480000,0x00000000d7300000)
 ParOldGen       total 68608K, used 53796K [0x0000000080000000, 0x0000000084300000, 0x00000000d5580000)
  object space 68608K, 78% used [0x0000000080000000,0x00000000834891a0,0x0000000084300000)
 Metaspace       used 47909K, committed 49088K, reserved 1114112K
  class space    used 5125K, committed 5632K, reserved 1048576K
}
Event: 23.674 GC heap before
{Heap before GC invocations=41 (full 2):
 PSYoungGen      total 26112K, used 26101K [0x00000000d5580000, 0x00000000d8580000, 0x0000000100000000)
  eden space 15360K, 100% used [0x00000000d5580000,0x00000000d6480000,0x00000000d6480000)
  from space 10752K, 99% used [0x00000000d7300000,0x00000000d7d7d670,0x00000000d7d80000)
  to   space 14848K, 0% used [0x00000000d6480000,0x00000000d6480000,0x00000000d7300000)
 ParOldGen       total 68608K, used 53796K [0x0000000080000000, 0x0000000084300000, 0x00000000d5580000)
  object space 68608K, 78% used [0x0000000080000000,0x00000000834891a0,0x0000000084300000)
 Metaspace       used 47993K, committed 49216K, reserved 1114112K
  class space    used 5133K, committed 5696K, reserved 1048576K
}
Event: 23.679 GC heap after
{Heap after GC invocations=41 (full 2):
 PSYoungGen      total 20992K, used 5152K [0x00000000d5580000, 0x00000000d7480000, 0x0000000100000000)
  eden space 15360K, 0% used [0x00000000d5580000,0x00000000d5580000,0x00000000d6480000)
  from space 5632K, 91% used [0x00000000d6480000,0x00000000d6988000,0x00000000d6a00000)
  to   space 8192K, 0% used [0x00000000d6c80000,0x00000000d6c80000,0x00000000d7480000)
 ParOldGen       total 68608K, used 64611K [0x0000000080000000, 0x0000000084300000, 0x00000000d5580000)
  object space 68608K, 94% used [0x0000000080000000,0x0000000083f18cd8,0x0000000084300000)
 Metaspace       used 47993K, committed 49216K, reserved 1114112K
  class space    used 5133K, committed 5696K, reserved 1048576K
}
Event: 23.719 GC heap before
{Heap before GC invocations=42 (full 2):
 PSYoungGen      total 20992K, used 20512K [0x00000000d5580000, 0x00000000d7480000, 0x0000000100000000)
  eden space 15360K, 100% used [0x00000000d5580000,0x00000000d6480000,0x00000000d6480000)
  from space 5632K, 91% used [0x00000000d6480000,0x00000000d6988000,0x00000000d6a00000)
  to   space 8192K, 0% used [0x00000000d6c80000,0x00000000d6c80000,0x00000000d7480000)
 ParOldGen       total 68608K, used 64611K [0x0000000080000000, 0x0000000084300000, 0x00000000d5580000)
  object space 68608K, 94% used [0x0000000080000000,0x0000000083f18cd8,0x0000000084300000)
 Metaspace       used 48075K, committed 49280K, reserved 1114112K
  class space    used 5144K, committed 5696K, reserved 1048576K
}
Event: 23.721 GC heap after
{Heap after GC invocations=42 (full 2):
 PSYoungGen      total 15872K, used 352K [0x00000000d5580000, 0x00000000d6d00000, 0x0000000100000000)
  eden space 15360K, 0% used [0x00000000d5580000,0x00000000d5580000,0x00000000d6480000)
  from space 512K, 68% used [0x00000000d6c80000,0x00000000d6cd8000,0x00000000d6d00000)
  to   space 3072K, 0% used [0x00000000d6700000,0x00000000d6700000,0x00000000d6a00000)
 ParOldGen       total 70144K, used 69643K [0x0000000080000000, 0x0000000084480000, 0x00000000d5580000)
  object space 70144K, 99% used [0x0000000080000000,0x0000000084402cd8,0x0000000084480000)
 Metaspace       used 48075K, committed 49280K, reserved 1114112K
  class space    used 5144K, committed 5696K, reserved 1048576K
}
Event: 23.757 GC heap before
{Heap before GC invocations=43 (full 2):
 PSYoungGen      total 15872K, used 15712K [0x00000000d5580000, 0x00000000d6d00000, 0x0000000100000000)
  eden space 15360K, 100% used [0x00000000d5580000,0x00000000d6480000,0x00000000d6480000)
  from space 512K, 68% used [0x00000000d6c80000,0x00000000d6cd8000,0x00000000d6d00000)
  to   space 3072K, 0% used [0x00000000d6700000,0x00000000d6700000,0x00000000d6a00000)
 ParOldGen       total 70144K, used 69643K [0x0000000080000000, 0x0000000084480000, 0x00000000d5580000)
  object space 70144K, 99% used [0x0000000080000000,0x0000000084402cd8,0x0000000084480000)
 Metaspace       used 48238K, committed 49408K, reserved 1114112K
  class space    used 5159K, committed 5696K, reserved 1048576K
}
Event: 23.758 GC heap after
{Heap after GC invocations=43 (full 2):
 PSYoungGen      total 18432K, used 384K [0x00000000d5580000, 0x00000000d6d00000, 0x0000000100000000)
  eden space 15360K, 0% used [0x00000000d5580000,0x00000000d5580000,0x00000000d6480000)
  from space 3072K, 12% used [0x00000000d6700000,0x00000000d6760000,0x00000000d6a00000)
  to   space 1024K, 0% used [0x00000000d6c00000,0x00000000d6c00000,0x00000000d6d00000)
 ParOldGen       total 70144K, used 69763K [0x0000000080000000, 0x0000000084480000, 0x00000000d5580000)
  object space 70144K, 99% used [0x0000000080000000,0x0000000084420ce8,0x0000000084480000)
 Metaspace       used 48238K, committed 49408K, reserved 1114112K
  class space    used 5159K, committed 5696K, reserved 1048576K
}
Event: 24.054 GC heap before
{Heap before GC invocations=44 (full 2):
 PSYoungGen      total 18432K, used 15744K [0x00000000d5580000, 0x00000000d6d00000, 0x0000000100000000)
  eden space 15360K, 100% used [0x00000000d5580000,0x00000000d6480000,0x00000000d6480000)
  from space 3072K, 12% used [0x00000000d6700000,0x00000000d6760000,0x00000000d6a00000)
  to   space 1024K, 0% used [0x00000000d6c00000,0x00000000d6c00000,0x00000000d6d00000)
 ParOldGen       total 70144K, used 69763K [0x0000000080000000, 0x0000000084480000, 0x00000000d5580000)
  object space 70144K, 99% used [0x0000000080000000,0x0000000084420ce8,0x0000000084480000)
 Metaspace       used 48970K, committed 50176K, reserved 1114112K
  class space    used 5239K, committed 5760K, reserved 1048576K
}
Event: 24.055 GC heap after
{Heap after GC invocations=44 (full 2):
 PSYoungGen      total 16384K, used 672K [0x00000000d5580000, 0x00000000d6d00000, 0x0000000100000000)
  eden space 15360K, 0% used [0x00000000d5580000,0x00000000d5580000,0x00000000d6480000)
  from space 1024K, 65% used [0x00000000d6c00000,0x00000000d6ca8000,0x00000000d6d00000)
  to   space 1024K, 0% used [0x00000000d6b00000,0x00000000d6b00000,0x00000000d6c00000)
 ParOldGen       total 70144K, used 69859K [0x0000000080000000, 0x0000000084480000, 0x00000000d5580000)
  object space 70144K, 99% used [0x0000000080000000,0x0000000084438ce8,0x0000000084480000)
 Metaspace       used 48970K, committed 50176K, reserved 1114112K
  class space    used 5239K, committed 5760K, reserved 1048576K
}
Event: 24.411 GC heap before
{Heap before GC invocations=45 (full 2):
 PSYoungGen      total 16384K, used 16032K [0x00000000d5580000, 0x00000000d6d00000, 0x0000000100000000)
  eden space 15360K, 100% used [0x00000000d5580000,0x00000000d6480000,0x00000000d6480000)
  from space 1024K, 65% used [0x00000000d6c00000,0x00000000d6ca8000,0x00000000d6d00000)
  to   space 1024K, 0% used [0x00000000d6b00000,0x00000000d6b00000,0x00000000d6c00000)
 ParOldGen       total 70144K, used 69859K [0x0000000080000000, 0x0000000084480000, 0x00000000d5580000)
  object space 70144K, 99% used [0x0000000080000000,0x0000000084438ce8,0x0000000084480000)
 Metaspace       used 49938K, committed 51136K, reserved 1114112K
  class space    used 5404K, committed 5952K, reserved 1048576K
}
Event: 24.412 GC heap after
{Heap after GC invocations=45 (full 2):
 PSYoungGen      total 15872K, used 480K [0x00000000d5580000, 0x00000000d6c80000, 0x0000000100000000)
  eden space 15360K, 0% used [0x00000000d5580000,0x00000000d5580000,0x00000000d6480000)
  from space 512K, 93% used [0x00000000d6b00000,0x00000000d6b78000,0x00000000d6b80000)
  to   space 1024K, 0% used [0x00000000d6b80000,0x00000000d6b80000,0x00000000d6c80000)
 ParOldGen       total 70656K, used 70273K [0x0000000080000000, 0x0000000084500000, 0x00000000d5580000)
  object space 70656K, 99% used [0x0000000080000000,0x00000000844a04c0,0x0000000084500000)
 Metaspace       used 49938K, committed 51136K, reserved 1114112K
  class space    used 5404K, committed 5952K, reserved 1048576K
}
Event: 24.623 GC heap before
{Heap before GC invocations=46 (full 2):
 PSYoungGen      total 15872K, used 14538K [0x00000000d5580000, 0x00000000d6c80000, 0x0000000100000000)
  eden space 15360K, 91% used [0x00000000d5580000,0x00000000d633a9d0,0x00000000d6480000)
  from space 512K, 93% used [0x00000000d6b00000,0x00000000d6b78000,0x00000000d6b80000)
  to   space 1024K, 0% used [0x00000000d6b80000,0x00000000d6b80000,0x00000000d6c80000)
 ParOldGen       total 70656K, used 70273K [0x0000000080000000, 0x0000000084500000, 0x00000000d5580000)
  object space 70656K, 99% used [0x0000000080000000,0x00000000844a04c0,0x0000000084500000)
 Metaspace       used 50859K, committed 52032K, reserved 1114112K
  class space    used 5553K, committed 6080K, reserved 1048576K
}
Event: 24.625 GC heap after
{Heap after GC invocations=46 (full 2):
 PSYoungGen      total 16384K, used 1015K [0x00000000d5580000, 0x00000000d6f80000, 0x0000000100000000)
  eden space 15360K, 0% used [0x00000000d5580000,0x00000000d5580000,0x00000000d6480000)
  from space 1024K, 99% used [0x00000000d6b80000,0x00000000d6c7dd00,0x00000000d6c80000)
  to   space 5632K, 0% used [0x00000000d6480000,0x00000000d6480000,0x00000000d6a00000)
 ParOldGen       total 73728K, used 73707K [0x0000000080000000, 0x0000000084800000, 0x00000000d5580000)
  object space 73728K, 99% used [0x0000000080000000,0x00000000847fadb0,0x0000000084800000)
 Metaspace       used 50859K, committed 52032K, reserved 1114112K
  class space    used 5553K, committed 6080K, reserved 1048576K
}

