# JRE version: OpenJDK Runtime Environment Temurin-21.0.8+9 (21.0.8+9) (build 21.0.8+9-LTS)
# Java VM: OpenJDK 64-Bit Server VM Temurin-21.0.8+9 (21.0.8+9-LTS, mixed mode, sharing, tiered, compressed oops, compressed class ptrs, parallel gc, windows-amd64)
GC Precious Log:
 CardTable entry size: 512
 CPUs: 16 total, 16 available
 Memory: 16051M
 Large Page Support: Disabled
 NUMA Support: Disabled
 Compressed Oops: Enabled (32-bit)
 Alignments: Space 512K, Generation 512K, Heap 2M
 Heap Min Capacity: 100M
 Heap Initial Capacity: 100M
 Heap Max Capacity: 2G
 Pre-touch: Disabled
 Parallel Workers: 13
Heap:
 PSYoungGen      total 23040K, used 19360K [0x00000000d5580000, 0x00000000d7080000, 0x0000000100000000)
  eden space 22016K, 83% used [0x00000000d5580000,0x00000000d67802d8,0x00000000d6b00000)
  from space 1024K, 90% used [0x00000000d6f80000,0x00000000d7068000,0x00000000d7080000)
  to   space 1024K, 0% used [0x00000000d6e80000,0x00000000d6e80000,0x00000000d6f80000)
 ParOldGen       total 89600K, used 68962K [0x0000000080000000, 0x0000000085780000, 0x00000000d5580000)
  object space 89600K, 76% used [0x0000000080000000,0x0000000084358bc0,0x0000000085780000)
 Metaspace       used 60700K, committed 62080K, reserved 1114112K
  class space    used 7011K, committed 7680K, reserved 1048576K
GC Heap History (20 events):
Event: 20.029 GC heap before
{Heap before GC invocations=40 (full 2):
 PSYoungGen      total 26624K, used 24416K [0x00000000d5580000, 0x00000000d7900000, 0x0000000100000000)
  eden space 22016K, 100% used [0x00000000d5580000,0x00000000d6b00000,0x00000000d6b00000)
  from space 4608K, 52% used [0x00000000d7100000,0x00000000d7358030,0x00000000d7580000)
  to   space 3072K, 0% used [0x00000000d7600000,0x00000000d7600000,0x00000000d7900000)
 ParOldGen       total 72192K, used 71943K [0x0000000080000000, 0x0000000084680000, 0x00000000d5580000)
  object space 72192K, 99% used [0x0000000080000000,0x0000000084641f58,0x0000000084680000)
 Metaspace       used 58216K, committed 59712K, reserved 1114112K
  class space    used 6830K, committed 7488K, reserved 1048576K
}
Event: 20.032 GC heap after
{Heap after GC invocations=40 (full 2):
 PSYoungGen      total 25088K, used 3057K [0x00000000d5580000, 0x00000000d7900000, 0x0000000100000000)
  eden space 22016K, 0% used [0x00000000d5580000,0x00000000d5580000,0x00000000d6b00000)
  from space 3072K, 99% used [0x00000000d7600000,0x00000000d78fc5b0,0x00000000d7900000)
  to   space 6144K, 0% used [0x00000000d6d00000,0x00000000d6d00000,0x00000000d7300000)
 ParOldGen       total 74752K, used 74348K [0x0000000080000000, 0x0000000084900000, 0x00000000d5580000)
  object space 74752K, 99% used [0x0000000080000000,0x000000008489b2f0,0x0000000084900000)
 Metaspace       used 58216K, committed 59712K, reserved 1114112K
  class space    used 6830K, committed 7488K, reserved 1048576K
}
Event: 20.067 GC heap before
{Heap before GC invocations=41 (full 2):
 PSYoungGen      total 25088K, used 25073K [0x00000000d5580000, 0x00000000d7900000, 0x0000000100000000)
  eden space 22016K, 100% used [0x00000000d5580000,0x00000000d6b00000,0x00000000d6b00000)
  from space 3072K, 99% used [0x00000000d7600000,0x00000000d78fc5b0,0x00000000d7900000)
  to   space 6144K, 0% used [0x00000000d6d00000,0x00000000d6d00000,0x00000000d7300000)
 ParOldGen       total 74752K, used 74348K [0x0000000080000000, 0x0000000084900000, 0x00000000d5580000)
  object space 74752K, 99% used [0x0000000080000000,0x000000008489b2f0,0x0000000084900000)
 Metaspace       used 58277K, committed 59776K, reserved 1114112K
  class space    used 6830K, committed 7488K, reserved 1048576K
}
Event: 20.069 GC heap after
{Heap after GC invocations=41 (full 2):
 PSYoungGen      total 25600K, used 3138K [0x00000000d5580000, 0x00000000d7680000, 0x0000000100000000)
  eden space 22016K, 0% used [0x00000000d5580000,0x00000000d5580000,0x00000000d6b00000)
  from space 3584K, 87% used [0x00000000d6d00000,0x00000000d7010810,0x00000000d7080000)
  to   space 4096K, 0% used [0x00000000d7280000,0x00000000d7280000,0x00000000d7680000)
 ParOldGen       total 77824K, used 77314K [0x0000000080000000, 0x0000000084c00000, 0x00000000d5580000)
  object space 77824K, 99% used [0x0000000080000000,0x0000000084b80800,0x0000000084c00000)
 Metaspace       used 58277K, committed 59776K, reserved 1114112K
  class space    used 6830K, committed 7488K, reserved 1048576K
}
Event: 20.105 GC heap before
{Heap before GC invocations=42 (full 2):
 PSYoungGen      total 25600K, used 25154K [0x00000000d5580000, 0x00000000d7680000, 0x0000000100000000)
  eden space 22016K, 100% used [0x00000000d5580000,0x00000000d6b00000,0x00000000d6b00000)
  from space 3584K, 87% used [0x00000000d6d00000,0x00000000d7010810,0x00000000d7080000)
  to   space 4096K, 0% used [0x00000000d7280000,0x00000000d7280000,0x00000000d7680000)
 ParOldGen       total 77824K, used 77314K [0x0000000080000000, 0x0000000084c00000, 0x00000000d5580000)
  object space 77824K, 99% used [0x0000000080000000,0x0000000084b80800,0x0000000084c00000)
 Metaspace       used 58344K, committed 59840K, reserved 1114112K
  class space    used 6830K, committed 7488K, reserved 1048576K
}
Event: 20.107 GC heap after
{Heap after GC invocations=42 (full 2):
 PSYoungGen      total 25088K, used 2660K [0x00000000d5580000, 0x00000000d7580000, 0x0000000100000000)
  eden space 22016K, 0% used [0x00000000d5580000,0x00000000d5580000,0x00000000d6b00000)
  from space 3072K, 86% used [0x00000000d7280000,0x00000000d7519000,0x00000000d7580000)
  to   space 3072K, 0% used [0x00000000d6f80000,0x00000000d6f80000,0x00000000d7280000)
 ParOldGen       total 80384K, used 80155K [0x0000000080000000, 0x0000000084e80000, 0x00000000d5580000)
  object space 80384K, 99% used [0x0000000080000000,0x0000000084e46ed0,0x0000000084e80000)
 Metaspace       used 58344K, committed 59840K, reserved 1114112K
  class space    used 6830K, committed 7488K, reserved 1048576K
}
Event: 20.138 GC heap before
{Heap before GC invocations=43 (full 2):
 PSYoungGen      total 25088K, used 24676K [0x00000000d5580000, 0x00000000d7580000, 0x0000000100000000)
  eden space 22016K, 100% used [0x00000000d5580000,0x00000000d6b00000,0x00000000d6b00000)
  from space 3072K, 86% used [0x00000000d7280000,0x00000000d7519000,0x00000000d7580000)
  to   space 3072K, 0% used [0x00000000d6f80000,0x00000000d6f80000,0x00000000d7280000)
 ParOldGen       total 80384K, used 80155K [0x0000000080000000, 0x0000000084e80000, 0x00000000d5580000)
  object space 80384K, 99% used [0x0000000080000000,0x0000000084e46ed0,0x0000000084e80000)
 Metaspace       used 58390K, committed 59904K, reserved 1114112K
  class space    used 6830K, committed 7488K, reserved 1048576K
}
Event: 20.140 GC heap after
{Heap after GC invocations=43 (full 2):
 PSYoungGen      total 25088K, used 2592K [0x00000000d5580000, 0x00000000d7300000, 0x0000000100000000)
  eden space 22016K, 0% used [0x00000000d5580000,0x00000000d5580000,0x00000000d6b00000)
  from space 3072K, 84% used [0x00000000d6f80000,0x00000000d7208000,0x00000000d7280000)
  to   space 512K, 0% used [0x00000000d7280000,0x00000000d7280000,0x00000000d7300000)
 ParOldGen       total 82944K, used 82649K [0x0000000080000000, 0x0000000085100000, 0x00000000d5580000)
  object space 82944K, 99% used [0x0000000080000000,0x00000000850b64f8,0x0000000085100000)
 Metaspace       used 58390K, committed 59904K, reserved 1114112K
  class space    used 6830K, committed 7488K, reserved 1048576K
}
Event: 20.178 GC heap before
{Heap before GC invocations=44 (full 2):
 PSYoungGen      total 25088K, used 24608K [0x00000000d5580000, 0x00000000d7300000, 0x0000000100000000)
  eden space 22016K, 100% used [0x00000000d5580000,0x00000000d6b00000,0x00000000d6b00000)
  from space 3072K, 84% used [0x00000000d6f80000,0x00000000d7208000,0x00000000d7280000)
  to   space 512K, 0% used [0x00000000d7280000,0x00000000d7280000,0x00000000d7300000)
 ParOldGen       total 82944K, used 82649K [0x0000000080000000, 0x0000000085100000, 0x00000000d5580000)
  object space 82944K, 99% used [0x0000000080000000,0x00000000850b64f8,0x0000000085100000)
 Metaspace       used 58433K, committed 59968K, reserved 1114112K
  class space    used 6830K, committed 7488K, reserved 1048576K
}
Event: 20.180 GC heap after
{Heap after GC invocations=44 (full 2):
 PSYoungGen      total 22528K, used 512K [0x00000000d5580000, 0x00000000d7600000, 0x0000000100000000)
  eden space 22016K, 0% used [0x00000000d5580000,0x00000000d5580000,0x00000000d6b00000)
  from space 512K, 100% used [0x00000000d7280000,0x00000000d7300000,0x00000000d7300000)
  to   space 5632K, 0% used [0x00000000d6b00000,0x00000000d6b00000,0x00000000d7080000)
 ParOldGen       total 87552K, used 87097K [0x0000000080000000, 0x0000000085580000, 0x00000000d5580000)
  object space 87552K, 99% used [0x0000000080000000,0x000000008550e508,0x0000000085580000)
 Metaspace       used 58433K, committed 59968K, reserved 1114112K
  class space    used 6830K, committed 7488K, reserved 1048576K
}
Event: 20.218 GC heap before
{Heap before GC invocations=45 (full 2):
 PSYoungGen      total 22528K, used 22528K [0x00000000d5580000, 0x00000000d7600000, 0x0000000100000000)
  eden space 22016K, 100% used [0x00000000d5580000,0x00000000d6b00000,0x00000000d6b00000)
  from space 512K, 100% used [0x00000000d7280000,0x00000000d7300000,0x00000000d7300000)
  to   space 5632K, 0% used [0x00000000d6b00000,0x00000000d6b00000,0x00000000d7080000)
 ParOldGen       total 87552K, used 87097K [0x0000000080000000, 0x0000000085580000, 0x00000000d5580000)
  object space 87552K, 99% used [0x0000000080000000,0x000000008550e508,0x0000000085580000)
 Metaspace       used 58538K, committed 60032K, reserved 1114112K
  class space    used 6840K, committed 7488K, reserved 1048576K
}
Event: 20.219 GC heap after
{Heap after GC invocations=45 (full 2):
 PSYoungGen      total 24064K, used 1816K [0x00000000d5580000, 0x00000000d7300000, 0x0000000100000000)
  eden space 22016K, 0% used [0x00000000d5580000,0x00000000d5580000,0x00000000d6b00000)
  from space 2048K, 88% used [0x00000000d6b00000,0x00000000d6cc6200,0x00000000d6d00000)
  to   space 3072K, 0% used [0x00000000d7000000,0x00000000d7000000,0x00000000d7300000)
 ParOldGen       total 88064K, used 87641K [0x0000000080000000, 0x0000000085600000, 0x00000000d5580000)
  object space 88064K, 99% used [0x0000000080000000,0x0000000085596508,0x0000000085600000)
 Metaspace       used 58538K, committed 60032K, reserved 1114112K
  class space    used 6840K, committed 7488K, reserved 1048576K
}
Event: 20.262 GC heap before
{Heap before GC invocations=46 (full 2):
 PSYoungGen      total 24064K, used 18044K [0x00000000d5580000, 0x00000000d7300000, 0x0000000100000000)
  eden space 22016K, 73% used [0x00000000d5580000,0x00000000d6559138,0x00000000d6b00000)
  from space 2048K, 88% used [0x00000000d6b00000,0x00000000d6cc6200,0x00000000d6d00000)
  to   space 3072K, 0% used [0x00000000d7000000,0x00000000d7000000,0x00000000d7300000)
 ParOldGen       total 88064K, used 87641K [0x0000000080000000, 0x0000000085600000, 0x00000000d5580000)
  object space 88064K, 99% used [0x0000000080000000,0x0000000085596508,0x0000000085600000)
 Metaspace       used 58837K, committed 60288K, reserved 1114112K
  class space    used 6864K, committed 7488K, reserved 1048576K
}
Event: 20.263 GC heap after
{Heap after GC invocations=46 (full 2):
 PSYoungGen      total 23040K, used 768K [0x00000000d5580000, 0x00000000d7100000, 0x0000000100000000)
  eden space 22016K, 0% used [0x00000000d5580000,0x00000000d5580000,0x00000000d6b00000)
  from space 1024K, 75% used [0x00000000d7000000,0x00000000d70c0020,0x00000000d7100000)
  to   space 1536K, 0% used [0x00000000d6e00000,0x00000000d6e00000,0x00000000d6f80000)
 ParOldGen       total 89600K, used 89310K [0x0000000080000000, 0x0000000085780000, 0x00000000d5580000)
  object space 89600K, 99% used [0x0000000080000000,0x0000000085737a60,0x0000000085780000)
 Metaspace       used 58837K, committed 60288K, reserved 1114112K
  class space    used 6864K, committed 7488K, reserved 1048576K
}
Event: 20.263 GC heap before
{Heap before GC invocations=47 (full 3):
 PSYoungGen      total 23040K, used 768K [0x00000000d5580000, 0x00000000d7100000, 0x0000000100000000)
  eden space 22016K, 0% used [0x00000000d5580000,0x00000000d5580000,0x00000000d6b00000)
  from space 1024K, 75% used [0x00000000d7000000,0x00000000d70c0020,0x00000000d7100000)
  to   space 1536K, 0% used [0x00000000d6e00000,0x00000000d6e00000,0x00000000d6f80000)
 ParOldGen       total 89600K, used 89310K [0x0000000080000000, 0x0000000085780000, 0x00000000d5580000)
  object space 89600K, 99% used [0x0000000080000000,0x0000000085737a60,0x0000000085780000)
 Metaspace       used 58837K, committed 60288K, reserved 1114112K
  class space    used 6864K, committed 7488K, reserved 1048576K
}
Event: 20.319 GC heap after
{Heap after GC invocations=47 (full 3):
 PSYoungGen      total 23040K, used 0K [0x00000000d5580000, 0x00000000d7100000, 0x0000000100000000)
  eden space 22016K, 0% used [0x00000000d5580000,0x00000000d5580000,0x00000000d6b00000)
  from space 1024K, 0% used [0x00000000d7000000,0x00000000d7000000,0x00000000d7100000)
  to   space 1536K, 0% used [0x00000000d6e00000,0x00000000d6e00000,0x00000000d6f80000)
 ParOldGen       total 89600K, used 68103K [0x0000000080000000, 0x0000000085780000, 0x00000000d5580000)
  object space 89600K, 76% used [0x0000000080000000,0x0000000084281f40,0x0000000085780000)
 Metaspace       used 58690K, committed 60288K, reserved 1114112K
  class space    used 6824K, committed 7488K, reserved 1048576K
}
Event: 20.402 GC heap before
{Heap before GC invocations=48 (full 3):
 PSYoungGen      total 23040K, used 22015K [0x00000000d5580000, 0x00000000d7100000, 0x0000000100000000)
  eden space 22016K, 99% used [0x00000000d5580000,0x00000000d6afffb8,0x00000000d6b00000)
  from space 1024K, 0% used [0x00000000d7000000,0x00000000d7000000,0x00000000d7100000)
  to   space 1536K, 0% used [0x00000000d6e00000,0x00000000d6e00000,0x00000000d6f80000)
 ParOldGen       total 89600K, used 68103K [0x0000000080000000, 0x0000000085780000, 0x00000000d5580000)
  object space 89600K, 76% used [0x0000000080000000,0x0000000084281f40,0x0000000085780000)
 Metaspace       used 58957K, committed 60352K, reserved 1114112K
  class space    used 6838K, committed 7488K, reserved 1048576K
}
Event: 20.403 GC heap after
{Heap after GC invocations=48 (full 3):
 PSYoungGen      total 23552K, used 1088K [0x00000000d5580000, 0x00000000d7080000, 0x0000000100000000)
  eden space 22016K, 0% used [0x00000000d5580000,0x00000000d5580000,0x00000000d6b00000)
  from space 1536K, 70% used [0x00000000d6e00000,0x00000000d6f10020,0x00000000d6f80000)
  to   space 1024K, 0% used [0x00000000d6f80000,0x00000000d6f80000,0x00000000d7080000)
 ParOldGen       total 89600K, used 68111K [0x0000000080000000, 0x0000000085780000, 0x00000000d5580000)
  object space 89600K, 76% used [0x0000000080000000,0x0000000084283f40,0x0000000085780000)
 Metaspace       used 58957K, committed 60352K, reserved 1114112K
  class space    used 6838K, committed 7488K, reserved 1048576K
}
Event: 1561.748 GC heap before
{Heap before GC invocations=49 (full 3):
 PSYoungGen      total 23552K, used 23104K [0x00000000d5580000, 0x00000000d7080000, 0x0000000100000000)
  eden space 22016K, 100% used [0x00000000d5580000,0x00000000d6b00000,0x00000000d6b00000)
  from space 1536K, 70% used [0x00000000d6e00000,0x00000000d6f10020,0x00000000d6f80000)
  to   space 1024K, 0% used [0x00000000d6f80000,0x00000000d6f80000,0x00000000d7080000)
 ParOldGen       total 89600K, used 68111K [0x0000000080000000, 0x0000000085780000, 0x00000000d5580000)
  object space 89600K, 76% used [0x0000000080000000,0x0000000084283f40,0x0000000085780000)
 Metaspace       used 60000K, committed 61376K, reserved 1114112K
  class space    used 6951K, committed 7552K, reserved 1048576K
}
Event: 1561.779 GC heap after
{Heap after GC invocations=49 (full 3):
 PSYoungGen      total 23040K, used 928K [0x00000000d5580000, 0x00000000d7080000, 0x0000000100000000)
  eden space 22016K, 0% used [0x00000000d5580000,0x00000000d5580000,0x00000000d6b00000)
  from space 1024K, 90% used [0x00000000d6f80000,0x00000000d7068000,0x00000000d7080000)
  to   space 1024K, 0% used [0x00000000d6e80000,0x00000000d6e80000,0x00000000d6f80000)
 ParOldGen       total 89600K, used 68962K [0x0000000080000000, 0x0000000085780000, 0x00000000d5580000)
  object space 89600K, 76% used [0x0000000080000000,0x0000000084358bc0,0x0000000085780000)
 Metaspace       used 60000K, committed 61376K, reserved 1114112K
  class space    used 6951K, committed 7552K, reserved 1048576K
}

